Build started 18.06.2014 13:13:41.
     1>Project "C:\Users\d-sabitov\Dropbox\Public\sp\Sources\sp\sp.vcxproj" on node 2 (build target(s)).
       Project file contains ToolsVersion="12.0". This toolset may be unknown or missing, in which case you may be able to resolve this by installing the appropriate version of MSBuild, or the build may have been forced to a particular ToolsVersion for policy reasons. Treating the project as if it had ToolsVersion="4.0". For more information, please see http://go.microsoft.com/fwlink/?LinkId=291333.
     1>PrepareForBuild:
         Creating directory "C:\Users\d-sabitov\Dropbox\Public\sp\Sources\Release\".
       InitializeBuildStatus:
         Creating "Release\sp.unsuccessfulbuild" because "AlwaysCreate" was specified.
       ClCompile:
         C:\Program Files (x86)\Microsoft Visual Studio 10.0\VC\bin\CL.exe /c /Zi /nologo /W3 /WX- /O2 /Oi /Oy- /GL /D WIN32 /D NDEBUG /D _CONSOLE /D _LIB /D _UNICODE /D UNICODE /Gm- /EHsc /MD /GS /Gy /fp:precise /Zc:wchar_t /Zc:forScope /Yc"StdAfx.h" /Fp"Release\sp.pch" /Fo"Release\\" /Fd"Release\vc100.pdb" /Gd /TP /analyze- /errorReport:prompt stdafx.cpp
         stdafx.cpp
         C:\Program Files (x86)\Microsoft Visual Studio 10.0\VC\bin\CL.exe /c /Zi /nologo /W3 /WX- /O2 /Oi /Oy- /GL /D WIN32 /D NDEBUG /D _CONSOLE /D _LIB /D _UNICODE /D UNICODE /Gm- /EHsc /MD /GS /Gy /fp:precise /Zc:wchar_t /Zc:forScope /Yu"StdAfx.h" /Fp"Release\sp.pch" /Fo"Release\\" /Fd"Release\vc100.pdb" /Gd /TP /analyze- /errorReport:prompt sp.cpp
         sp.cpp
     1>sp.cpp(231): warning C4101: 'pw' : unreferenced local variable
       Link:
         C:\Program Files (x86)\Microsoft Visual Studio 10.0\VC\bin\link.exe /ERRORREPORT:PROMPT /OUT:"C:\Users\d-sabitov\Dropbox\Public\sp\Sources\Release\sp.exe" /INCREMENTAL:NO /NOLOGO kernel32.lib user32.lib gdi32.lib winspool.lib comdlg32.lib advapi32.lib shell32.lib ole32.lib oleaut32.lib uuid.lib odbc32.lib odbccp32.lib /MANIFEST /ManifestFile:"Release\sp.exe.intermediate.manifest" /MANIFESTUAC:"level='asInvoker' uiAccess='false'" /DEBUG /PDB:"C:\Users\d-sabitov\Dropbox\Public\sp\Sources\Release\sp.pdb" /SUBSYSTEM:CONSOLE /OPT:REF /OPT:ICF /LTCG /TLBID:1 /DYNAMICBASE /NXCOMPAT /IMPLIB:"C:\Users\d-sabitov\Dropbox\Public\sp\Sources\Release\sp.lib" /MACHINE:X86 Release\sp.obj
         Release\stdafx.obj
         Generating code
     1>c:\users\d-sabitov\dropbox\public\sp\sources\sp\sp.cpp(147): warning C4715: 'takeElement' : not all control paths return a value
     1>c:\users\d-sabitov\dropbox\public\sp\sources\sp\sp.cpp(180): warning C4715: 'calculateElementarySymmetricPolynomials' : not all control paths return a value
     1>c:\users\d-sabitov\dropbox\public\sp\sources\sp\sp.cpp(423): warning C4715: 'matrixExponential' : not all control paths return a value
     1>c:\users\d-sabitov\dropbox\public\sp\sources\sp\sp.cpp(289): warning C4715: 'matrixPower' : not all control paths return a value
         Finished generating code
         sp.vcxproj -> C:\Users\d-sabitov\Dropbox\Public\sp\Sources\Release\sp.exe
       Manifest:
         C:\Program Files (x86)\Microsoft SDKs\Windows\v7.0A\bin\mt.exe /nologo /verbose /outputresource:"C:\Users\d-sabitov\Dropbox\Public\sp\Sources\Release\sp.exe;#1" /manifest Release\sp.exe.intermediate.manifest
       FinalizeBuildStatus:
         Deleting file "Release\sp.unsuccessfulbuild".
         Touching "Release\sp.lastbuildstate".
     1>Done Building Project "C:\Users\d-sabitov\Dropbox\Public\sp\Sources\sp\sp.vcxproj" (build target(s)).

Build succeeded.

Time Elapsed 00:00:03.80
