C:\Users\d-sabitov\Dropbox\Public\sp\Sources\Debug\sp.exe
C:\Users\d-sabitov\Dropbox\Public\sp\Sources\Debug\sp.ilk
C:\Users\d-sabitov\Dropbox\Public\sp\Sources\Debug\sp.pdb
C:\Users\d-sabitov\Dropbox\Public\sp\Sources\sp\Debug\cl.command.1.tlog
C:\Users\d-sabitov\Dropbox\Public\sp\Sources\sp\Debug\CL.read.1.tlog
C:\Users\d-sabitov\Dropbox\Public\sp\Sources\sp\Debug\CL.write.1.tlog
C:\Users\d-sabitov\Dropbox\Public\sp\Sources\sp\Debug\link.command.1.tlog
C:\Users\d-sabitov\Dropbox\Public\sp\Sources\sp\Debug\link.read.1.tlog
C:\Users\d-sabitov\Dropbox\Public\sp\Sources\sp\Debug\link.write.1.tlog
C:\Users\d-sabitov\Dropbox\Public\sp\Sources\sp\Debug\link-cvtres.read.1.tlog
C:\Users\d-sabitov\Dropbox\Public\sp\Sources\sp\Debug\link-cvtres.write.1.tlog
C:\Users\d-sabitov\Dropbox\Public\sp\Sources\sp\Debug\mt.command.1.tlog
C:\Users\d-sabitov\Dropbox\Public\sp\Sources\sp\Debug\mt.read.1.tlog
C:\Users\d-sabitov\Dropbox\Public\sp\Sources\sp\Debug\mt.write.1.tlog
C:\Users\d-sabitov\Dropbox\Public\sp\Sources\sp\Debug\rc.command.1.tlog
C:\Users\d-sabitov\Dropbox\Public\sp\Sources\sp\Debug\rc.read.1.tlog
C:\Users\d-sabitov\Dropbox\Public\sp\Sources\sp\Debug\rc.write.1.tlog
C:\USERS\D-SABITOV\DROPBOX\PUBLIC\SP\SOURCES\SP\DEBUG\SP.EXE.EMBED.MANIFEST
C:\USERS\D-SABITOV\DROPBOX\PUBLIC\SP\SOURCES\SP\DEBUG\SP.EXE.EMBED.MANIFEST.RES
C:\Users\d-sabitov\Dropbox\Public\sp\Sources\sp\Debug\sp.exe.intermediate.manifest
C:\USERS\D-SABITOV\DROPBOX\PUBLIC\SP\SOURCES\SP\DEBUG\SP.OBJ
C:\USERS\D-SABITOV\DROPBOX\PUBLIC\SP\SOURCES\SP\DEBUG\SP.PCH
C:\Users\d-sabitov\Dropbox\Public\sp\Sources\sp\Debug\sp.write.1.tlog
C:\Users\d-sabitov\Dropbox\Public\sp\Sources\sp\Debug\sp_manifest.rc
C:\USERS\D-SABITOV\DROPBOX\PUBLIC\SP\SOURCES\SP\DEBUG\STDAFX.OBJ
C:\Users\d-sabitov\Dropbox\Public\sp\Sources\sp\Debug\vc100.idb
C:\USERS\D-SABITOV\DROPBOX\PUBLIC\SP\SOURCES\SP\DEBUG\VC100.PDB
