Build started 18.06.2014 13:13:00.
     1>Project "C:\Users\d-sabitov\Dropbox\Public\sp\Sources\sp\sp.vcxproj" on node 2 (rebuild target(s)).
       Project file contains ToolsVersion="12.0". This toolset may be unknown or missing, in which case you may be able to resolve this by installing the appropriate version of MSBuild, or the build may have been forced to a particular ToolsVersion for policy reasons. Treating the project as if it had ToolsVersion="4.0". For more information, please see http://go.microsoft.com/fwlink/?LinkId=291333.
     1>_PrepareForClean:
         Deleting file "Debug\sp.lastbuildstate".
       InitializeBuildStatus:
         Touching "Debug\sp.unsuccessfulbuild".
       ClCompile:
         C:\Program Files (x86)\Microsoft Visual Studio 10.0\VC\bin\CL.exe /c /ZI /nologo /W3 /WX- /Od /Oy- /D WIN32 /D _DEBUG /D _CONSOLE /D _LIB /D _UNICODE /D UNICODE /Gm /EHsc /RTC1 /MDd /GS /fp:precise /Zc:wchar_t /Zc:forScope /Yc"StdAfx.h" /Fp"Debug\sp.pch" /Fo"Debug\\" /Fd"Debug\vc100.pdb" /Gd /TP /analyze- /errorReport:prompt stdafx.cpp
         stdafx.cpp
         C:\Program Files (x86)\Microsoft Visual Studio 10.0\VC\bin\CL.exe /c /ZI /nologo /W3 /WX- /Od /Oy- /D WIN32 /D _DEBUG /D _CONSOLE /D _LIB /D _UNICODE /D UNICODE /Gm /EHsc /RTC1 /MDd /GS /fp:precise /Zc:wchar_t /Zc:forScope /Yu"StdAfx.h" /Fp"Debug\sp.pch" /Fo"Debug\\" /Fd"Debug\vc100.pdb" /Gd /TP /analyze- /errorReport:prompt sp.cpp
         sp.cpp
     1>c:\users\d-sabitov\dropbox\public\sp\sources\sp\sp.cpp(231): warning C4101: 'pw' : unreferenced local variable
     1>c:\users\d-sabitov\dropbox\public\sp\sources\sp\sp.cpp(147): warning C4715: 'takeElement' : not all control paths return a value
     1>c:\users\d-sabitov\dropbox\public\sp\sources\sp\sp.cpp(180): warning C4715: 'calculateElementarySymmetricPolynomials' : not all control paths return a value
     1>c:\users\d-sabitov\dropbox\public\sp\sources\sp\sp.cpp(289): warning C4715: 'matrixPower' : not all control paths return a value
     1>c:\users\d-sabitov\dropbox\public\sp\sources\sp\sp.cpp(423): warning C4715: 'matrixExponential' : not all control paths return a value
       ManifestResourceCompile:
         C:\Program Files (x86)\Microsoft SDKs\Windows\v7.0A\bin\rc.exe /nologo /fo"Debug\sp.exe.embed.manifest.res" Debug\sp_manifest.rc 
       Link:
         C:\Program Files (x86)\Microsoft Visual Studio 10.0\VC\bin\link.exe /ERRORREPORT:PROMPT /OUT:"C:\Users\d-sabitov\Dropbox\Public\sp\Sources\Debug\sp.exe" /INCREMENTAL /NOLOGO kernel32.lib user32.lib gdi32.lib winspool.lib comdlg32.lib advapi32.lib shell32.lib ole32.lib oleaut32.lib uuid.lib odbc32.lib odbccp32.lib /MANIFEST /ManifestFile:"Debug\sp.exe.intermediate.manifest" /MANIFESTUAC:"level='asInvoker' uiAccess='false'" /DEBUG /PDB:"C:\Users\d-sabitov\Dropbox\Public\sp\Sources\Debug\sp.pdb" /SUBSYSTEM:CONSOLE /TLBID:1 /DYNAMICBASE /NXCOMPAT /IMPLIB:"C:\Users\d-sabitov\Dropbox\Public\sp\Sources\Debug\sp.lib" /MACHINE:X86 Debug\sp.exe.embed.manifest.res
         Debug\sp.obj
         Debug\stdafx.obj
       Manifest:
         Deleting file "Debug\sp.exe.embed.manifest".
         C:\Program Files (x86)\Microsoft SDKs\Windows\v7.0A\bin\mt.exe /nologo /verbose /out:"Debug\sp.exe.embed.manifest" /manifest Debug\sp.exe.intermediate.manifest
         C:\Program Files (x86)\Microsoft SDKs\Windows\v7.0A\bin\rc.exe /nologo /fo"Debug\sp.exe.embed.manifest.res" Debug\sp_manifest.rc 
       LinkEmbedManifest:
         C:\Program Files (x86)\Microsoft Visual Studio 10.0\VC\bin\link.exe /ERRORREPORT:PROMPT /OUT:"C:\Users\d-sabitov\Dropbox\Public\sp\Sources\Debug\sp.exe" /INCREMENTAL /NOLOGO kernel32.lib user32.lib gdi32.lib winspool.lib comdlg32.lib advapi32.lib shell32.lib ole32.lib oleaut32.lib uuid.lib odbc32.lib odbccp32.lib /MANIFEST /ManifestFile:"Debug\sp.exe.intermediate.manifest" /MANIFESTUAC:"level='asInvoker' uiAccess='false'" /DEBUG /PDB:"C:\Users\d-sabitov\Dropbox\Public\sp\Sources\Debug\sp.pdb" /SUBSYSTEM:CONSOLE /TLBID:1 /DYNAMICBASE /NXCOMPAT /IMPLIB:"C:\Users\d-sabitov\Dropbox\Public\sp\Sources\Debug\sp.lib" /MACHINE:X86 Debug\sp.exe.embed.manifest.res
         Debug\sp.obj
         Debug\stdafx.obj
         sp.vcxproj -> C:\Users\d-sabitov\Dropbox\Public\sp\Sources\Debug\sp.exe
       FinalizeBuildStatus:
         Deleting file "Debug\sp.unsuccessfulbuild".
         Touching "Debug\sp.lastbuildstate".
     1>Done Building Project "C:\Users\d-sabitov\Dropbox\Public\sp\Sources\sp\sp.vcxproj" (rebuild target(s)).

Build succeeded.

Time Elapsed 00:00:01.61
